* using log directory ‘/Users/user/github/uPolar/uPolar.Rcheck’
* using R version 3.6.1 (2019-07-05)
* using platform: x86_64-apple-darwin15.6.0 (64-bit)
* using session charset: UTF-8
* using options ‘--no-manual --as-cran’
* checking for file ‘uPolar/DESCRIPTION’ ... OK
* checking extension type ... Package
* this is package ‘uPolar’ version ‘0.1.0’
* package encoding: UTF-8
* checking package namespace information ... OK
* checking package dependencies ... OK
* checking if this is a source package ... OK
* checking if there is a namespace ... OK
* checking for executable files ... OK
* checking for hidden files and directories ... OK
* checking for portable file names ... OK
* checking for sufficient/correct file permissions ... OK
* checking serialization versions ... OK
* checking whether package ‘uPolar’ can be installed ... WARNING
Found the following significant warnings:
  Note: break used in wrong context: no loop is visible 
  Note: possible error in 'layout(p, title = paste("--------------------------- :", ': unused arguments (title = paste("--------------------------- :", 0), showlegend = T, paper_bgcolor = "rgb(256, 256, 256)", polar = list(bgcolor = "rgb(230, 230, 230)", angularaxis = list(tickwidth = 3, linewidth = 2, layer = "below traces"), radialaxis = list(showline = T, linewidth = 1, tickwidth = 1, gridcolor = "rgb(256,256,256)", gridwidth = 0.3))) 
See ‘/Users/user/github/uPolar/uPolar.Rcheck/00install.out’ for details.
Information on the location(s) of code generating the ‘Note’s can be
obtained by re-running with environment variable R_KEEP_PKG_SOURCE set
to ‘yes’.
* checking installed package size ... OK
* checking package directory ... OK
* checking for future file timestamps ... OK
* checking DESCRIPTION meta-information ... NOTE
License components which are templates and need '+ file LICENSE':
  MIT License
* checking top-level files ... OK
* checking for left-over files ... OK
* checking index information ... OK
* checking package subdirectories ... OK
* checking R files for non-ASCII characters ... OK
* checking R files for syntax errors ... OK
* checking whether the package can be loaded ... OK
* checking whether the package can be loaded with stated dependencies ... OK
* checking whether the package can be unloaded cleanly ... OK
* checking whether the namespace can be loaded with stated dependencies ... OK
* checking whether the namespace can be unloaded cleanly ... OK
* checking dependencies in R code ... OK
* checking S3 generic/method consistency ... OK
* checking replacement functions ... OK
* checking foreign function calls ... OK
* checking R code for possible problems ... NOTE
uPolar : cbind.fill: no visible global function definition for
  ‘rbind.fill’
uPolar : ipolar: no visible global function definition for ‘median’
uPolar : ipolar: no visible global function definition for ‘plot_ly’
uPolar : ipolar: no visible global function definition for ‘add_trace’
uPolar : ipolar: no visible global function definition for ‘layout’
Undefined global functions or variables:
  add_trace layout median plot_ly rbind.fill
Consider adding
  importFrom("graphics", "layout")
  importFrom("stats", "median")
to your NAMESPACE file.
* checking Rd files ... OK
* checking Rd metadata ... OK
* checking Rd line widths ... OK
* checking Rd cross-references ... OK
* checking for missing documentation entries ... OK
* checking for code/documentation mismatches ... OK
* checking Rd \usage sections ... WARNING
Undocumented arguments in documentation object 'uPolar'
  ‘df’ ‘time_col’ ‘obj_col’ ‘area_col’ ‘dist_col’ ‘c.Adjust’
  ‘num_images’
Documented arguments not in \usage in documentation object 'uPolar':
  ‘dataset’ ‘time’ ‘individual’ ‘cell’ ‘total’

Functions with \usage entries need to have the appropriate \alias
entries, and all their arguments documented.
The \usage entries must correspond to syntactically valid R code.
See chapter ‘Writing R documentation files’ in the ‘Writing R
Extensions’ manual.
* checking Rd contents ... WARNING
Argument items with no description in Rd object 'uPolar':
  ‘dataset’

* checking for unstated dependencies in examples ... OK
* checking examples ... ERROR
Running examples in ‘uPolar-Ex.R’ failed
The error most likely occurred in:

> base::assign(".ptime", proc.time(), pos = "CheckExEnv")
> ### Name: uPolar
> ### Title: <ce><bc>Polar Visualization tool for time series of microfluidic
> ###   microscopic images
> ### Aliases: uPolar
> 
> ### ** Examples
> 
> uPolar(df,1,2,3,4,0,7,391)
Error in uPolar(df, 1, 2, 3, 4, 0, 7, 391) : 
  could not find function "uPolar"
Execution halted
* DONE
Status: 1 ERROR, 3 WARNINGs, 2 NOTEs
